INFO:root:Ran with args: (<__main__.algo_logistic_regression object at 0x7fa77a1879e8>, array([[0., 0., 0., ..., 0., 0., 0.],
       [0., 0., 0., ..., 0., 0., 0.],
       [0., 0., 0., ..., 0., 0., 0.],
       ...,
       [0., 0., 0., ..., 0., 0., 0.],
       [0., 0., 0., ..., 0., 0., 0.],
       [0., 0., 0., ..., 0., 0., 0.]]), array(['5', '0', '4', ..., '5', '6', '8'], dtype=object), array([[0., 0., 0., ..., 0., 0., 0.],
       [0., 0., 0., ..., 0., 0., 0.],
       [0., 0., 0., ..., 0., 0., 0.],
       ...,
       [0., 0., 0., ..., 0., 0., 0.],
       [0., 0., 0., ..., 0., 0., 0.],
       [0., 0., 0., ..., 0., 0., 0.]]), array(['7', '2', '1', ..., '4', '5', '6'], dtype=object)), and kwargs: {}
INFO:root:Ran with args: (<__main__.algo_logistic_regression object at 0x7fa77a1879e8>,), and kwargs: {}
INFO:root:Ran with args: (<__main__.algo_logistic_regression object at 0x7fa77a1879e8>,), and kwargs: {}
INFO:root:Ran with args: (<__main__.algo_logistic_regression object at 0x7fa77a1879e8>,), and kwargs: {}
INFO:root:Ran with args: (<__main__.algo_multilayer_perceptron object at 0x7fa7bd534a20>, array([[0., 0., 0., ..., 0., 0., 0.],
       [0., 0., 0., ..., 0., 0., 0.],
       [0., 0., 0., ..., 0., 0., 0.],
       ...,
       [0., 0., 0., ..., 0., 0., 0.],
       [0., 0., 0., ..., 0., 0., 0.],
       [0., 0., 0., ..., 0., 0., 0.]]), array(['5', '0', '4', ..., '5', '6', '8'], dtype=object), array([[0., 0., 0., ..., 0., 0., 0.],
       [0., 0., 0., ..., 0., 0., 0.],
       [0., 0., 0., ..., 0., 0., 0.],
       ...,
       [0., 0., 0., ..., 0., 0., 0.],
       [0., 0., 0., ..., 0., 0., 0.],
       [0., 0., 0., ..., 0., 0., 0.]]), array(['7', '2', '1', ..., '4', '5', '6'], dtype=object)), and kwargs: {}
INFO:root:Ran with args: (<__main__.algo_multilayer_perceptron object at 0x7fa7bd534a20>,), and kwargs: {}
INFO:root:Ran with args: (<__main__.algo_multilayer_perceptron object at 0x7fa7bd534a20>,), and kwargs: {}
INFO:root:Ran with args: (<__main__.algo_logistic_regression object at 0x7fa7458a36d8>, array([[0., 0., 0., ..., 0., 0., 0.],
       [0., 0., 0., ..., 0., 0., 0.],
       [0., 0., 0., ..., 0., 0., 0.],
       ...,
       [0., 0., 0., ..., 0., 0., 0.],
       [0., 0., 0., ..., 0., 0., 0.],
       [0., 0., 0., ..., 0., 0., 0.]]), array(['5', '0', '4', ..., '5', '6', '8'], dtype=object), array([[0., 0., 0., ..., 0., 0., 0.],
       [0., 0., 0., ..., 0., 0., 0.],
       [0., 0., 0., ..., 0., 0., 0.],
       ...,
       [0., 0., 0., ..., 0., 0., 0.],
       [0., 0., 0., ..., 0., 0., 0.],
       [0., 0., 0., ..., 0., 0., 0.]]), array(['7', '2', '1', ..., '4', '5', '6'], dtype=object)), and kwargs: {}
INFO:root:Ran with args: (<__main__.algo_logistic_regression object at 0x7fa7458a36d8>,), and kwargs: {}
INFO:root:Ran with args: (<__main__.algo_logistic_regression object at 0x7fa7458a2eb8>, array([[0., 0., 0., ..., 0., 0., 0.],
       [0., 0., 0., ..., 0., 0., 0.],
       [0., 0., 0., ..., 0., 0., 0.],
       ...,
       [0., 0., 0., ..., 0., 0., 0.],
       [0., 0., 0., ..., 0., 0., 0.],
       [0., 0., 0., ..., 0., 0., 0.]]), array(['5', '0', '4', ..., '5', '6', '8'], dtype=object), array([[0., 0., 0., ..., 0., 0., 0.],
       [0., 0., 0., ..., 0., 0., 0.],
       [0., 0., 0., ..., 0., 0., 0.],
       ...,
       [0., 0., 0., ..., 0., 0., 0.],
       [0., 0., 0., ..., 0., 0., 0.],
       [0., 0., 0., ..., 0., 0., 0.]]), array(['7', '2', '1', ..., '4', '5', '6'], dtype=object)), and kwargs: {}
INFO:root:Ran with args: (<__main__.algo_logistic_regression object at 0x7fa7458a2eb8>,), and kwargs: {}
INFO:root:Ran with args: (<__main__.algo_logistic_regression object at 0x7fa7458a2eb8>,), and kwargs: {}
INFO:root:Ran with args: (<__main__.algo_logistic_regression object at 0x7f3abc8b48d0>, array([[0., 0., 0., ..., 0., 0., 0.],
       [0., 0., 0., ..., 0., 0., 0.],
       [0., 0., 0., ..., 0., 0., 0.],
       ...,
       [0., 0., 0., ..., 0., 0., 0.],
       [0., 0., 0., ..., 0., 0., 0.],
       [0., 0., 0., ..., 0., 0., 0.]]), array(['5', '0', '4', ..., '5', '6', '8'], dtype=object), array([[0., 0., 0., ..., 0., 0., 0.],
       [0., 0., 0., ..., 0., 0., 0.],
       [0., 0., 0., ..., 0., 0., 0.],
       ...,
       [0., 0., 0., ..., 0., 0., 0.],
       [0., 0., 0., ..., 0., 0., 0.],
       [0., 0., 0., ..., 0., 0., 0.]]), array(['7', '2', '1', ..., '4', '5', '6'], dtype=object)), and kwargs: {}
INFO:root:Ran with args: (<__main__.algo_logistic_regression object at 0x7f3abc8b48d0>,), and kwargs: {}
INFO:root:Ran with args: (<__main__.algo_logistic_regression object at 0x7f3abc8b48d0>,), and kwargs: {}
INFO:root:Ran with args: (<__main__.algo_logistic_regression object at 0x7f3abc8b48d0>,), and kwargs: {}
INFO:root:Ran with args: (<__main__.algo_multilayer_perceptron object at 0x7f3b00573390>, array([[0., 0., 0., ..., 0., 0., 0.],
       [0., 0., 0., ..., 0., 0., 0.],
       [0., 0., 0., ..., 0., 0., 0.],
       ...,
       [0., 0., 0., ..., 0., 0., 0.],
       [0., 0., 0., ..., 0., 0., 0.],
       [0., 0., 0., ..., 0., 0., 0.]]), array(['5', '0', '4', ..., '5', '6', '8'], dtype=object), array([[0., 0., 0., ..., 0., 0., 0.],
       [0., 0., 0., ..., 0., 0., 0.],
       [0., 0., 0., ..., 0., 0., 0.],
       ...,
       [0., 0., 0., ..., 0., 0., 0.],
       [0., 0., 0., ..., 0., 0., 0.],
       [0., 0., 0., ..., 0., 0., 0.]]), array(['7', '2', '1', ..., '4', '5', '6'], dtype=object)), and kwargs: {}
INFO:root:Ran with args: (<__main__.algo_multilayer_perceptron object at 0x7f3b00573390>,), and kwargs: {}
INFO:root:Ran with args: (<__main__.algo_multilayer_perceptron object at 0x7f3b00573390>,), and kwargs: {}
INFO:root:Ran with args: (<__main__.algo_logistic_regression object at 0x7f3a843cf7f0>, array([[0., 0., 0., ..., 0., 0., 0.],
       [0., 0., 0., ..., 0., 0., 0.],
       [0., 0., 0., ..., 0., 0., 0.],
       ...,
       [0., 0., 0., ..., 0., 0., 0.],
       [0., 0., 0., ..., 0., 0., 0.],
       [0., 0., 0., ..., 0., 0., 0.]]), array(['5', '0', '4', ..., '5', '6', '8'], dtype=object), array([[0., 0., 0., ..., 0., 0., 0.],
       [0., 0., 0., ..., 0., 0., 0.],
       [0., 0., 0., ..., 0., 0., 0.],
       ...,
       [0., 0., 0., ..., 0., 0., 0.],
       [0., 0., 0., ..., 0., 0., 0.],
       [0., 0., 0., ..., 0., 0., 0.]]), array(['7', '2', '1', ..., '4', '5', '6'], dtype=object)), and kwargs: {}
INFO:root:Ran with args: (<__main__.algo_logistic_regression object at 0x7f3a843cf7f0>,), and kwargs: {}
INFO:root:Ran with args: (<__main__.algo_logistic_regression object at 0x7f3a843c2f28>, array([[0., 0., 0., ..., 0., 0., 0.],
       [0., 0., 0., ..., 0., 0., 0.],
       [0., 0., 0., ..., 0., 0., 0.],
       ...,
       [0., 0., 0., ..., 0., 0., 0.],
       [0., 0., 0., ..., 0., 0., 0.],
       [0., 0., 0., ..., 0., 0., 0.]]), array(['5', '0', '4', ..., '5', '6', '8'], dtype=object), array([[0., 0., 0., ..., 0., 0., 0.],
       [0., 0., 0., ..., 0., 0., 0.],
       [0., 0., 0., ..., 0., 0., 0.],
       ...,
       [0., 0., 0., ..., 0., 0., 0.],
       [0., 0., 0., ..., 0., 0., 0.],
       [0., 0., 0., ..., 0., 0., 0.]]), array(['7', '2', '1', ..., '4', '5', '6'], dtype=object)), and kwargs: {}
INFO:root:Ran with args: (<__main__.algo_logistic_regression object at 0x7f3a843c2f28>,), and kwargs: {}
INFO:root:Ran with args: (<__main__.algo_logistic_regression object at 0x7f3a843c2f28>,), and kwargs: {}
